<?xml version="1.0" encoding="UTF-8"?>
<!-- Generated by org.testng.reporters.JUnitReportReporter -->
<testsuite hostname="ENCDAPHYDLT0597" failures="0" tests="3" name="package1.SearchTest" time="3.985" errors="0" timestamp="2026-08-10T12:01:31 IST" skipped="0">
  <testcase classname="package1.SearchTest" name="searchFlowTest" time="0.654">
    <system-out>
      <![CDATA[Searching Cameras]]>
    </system-out>
  </testcase> <!-- searchFlowTest -->
  <testcase classname="package1.SearchTest" name="searchFlowTest" time="2.465">
    <system-out>
      <![CDATA[Searching Monitors]]>
    </system-out>
  </testcase> <!-- searchFlowTest -->
  <testcase classname="package1.SearchTest" name="searchFlowTest" time="0.866">
    <system-out>
      <![CDATA[Searching Phones]]>
    </system-out>
  </testcase> <!-- searchFlowTest -->
  <system-out>
    <![CDATA[Launching Browser
Searching Monitors
Searching Phones
Searching Cameras]]>
  </system-out>
</testsuite> <!-- package1.SearchTest -->
