<?xml version="1.0" encoding="UTF-8"?>
<!-- Generated by org.testng.reporters.JUnitReportReporter -->
<testsuite hostname="ENCDAPHYDLT0597" failures="0" tests="4" name="package1.RegisterTest" time="35.102" errors="0" timestamp="2026-08-10T17:11:45 IST" skipped="0">
  <testcase classname="package1.RegisterTest" name="fillRegisterForm" time="8.971">
    <system-out>
      <![CDATA[Home Page Verified
Clicked on Register button
Register Page Verified
Filled personal Details
Filled password Details
Submitted successfully
Account already exists - treated as PASS]]>
    </system-out>
  </testcase> <!-- fillRegisterForm -->
  <testcase classname="package1.RegisterTest" name="fillRegisterForm" time="8.026">
    <system-out>
      <![CDATA[Home Page Verified
Clicked on Register button
Register Page Verified
Filled personal Details
Filled password Details
Submitted successfully
Account already exists - treated as PASS]]>
    </system-out>
  </testcase> <!-- fillRegisterForm -->
  <testcase classname="package1.RegisterTest" name="fillRegisterForm" time="6.966">
    <system-out>
      <![CDATA[Home Page Verified
Clicked on Register button
Register Page Verified
Filled personal Details
Filled password Details
Submitted successfully
Account already exists - treated as PASS]]>
    </system-out>
  </testcase> <!-- fillRegisterForm -->
  <testcase classname="package1.RegisterTest" name="fillRegisterForm" time="11.139">
    <system-out>
      <![CDATA[Home Page Verified
Clicked on Register button
Register Page Verified
Filled personal Details
Filled password Details
Submitted successfully
Account already exists - treated as PASS]]>
    </system-out>
  </testcase> <!-- fillRegisterForm -->
  <system-out>
    <![CDATA[Launching Browser
Home Page Verified
Clicked on Register button
Register Page Verified
Filled personal Details
Filled password Details
Submitted successfully
Account already exists - treated as PASS
Launching Browser
Home Page Verified
Clicked on Register button
Register Page Verified
Filled personal Details
Filled password Details
Submitted successfully
Account already exists - treated as PASS
Launching Browser
Home Page Verified
Clicked on Register button
Register Page Verified
Filled personal Details
Filled password Details
Submitted successfully
Account already exists - treated as PASS
Launching Browser
Home Page Verified
Clicked on Register button
Register Page Verified
Filled personal Details
Filled password Details
Submitted successfully
Account already exists - treated as PASS]]>
  </system-out>
</testsuite> <!-- package1.RegisterTest -->
