<?xml version="1.0" encoding="UTF-8"?>
<!-- Generated by org.testng.reporters.JUnitReportReporter -->
<testsuite hostname="ENCDAPHYDLT0597" failures="0" tests="3" name="package1.SearchTest" time="1.414" errors="0" timestamp="2026-08-08T12:57:30 IST" skipped="0">
  <testcase classname="package1.SearchTest" name="searchFlowTest" time="0.507">
    <system-out>
      <![CDATA[Searching Monitors
Searching Monitors]]>
    </system-out>
  </testcase> <!-- searchFlowTest -->
  <testcase classname="package1.SearchTest" name="searchFlowTest" time="0.497">
    <system-out>
      <![CDATA[Searching Phones
Searching Phones]]>
    </system-out>
  </testcase> <!-- searchFlowTest -->
  <testcase classname="package1.SearchTest" name="searchFlowTest" time="0.410">
    <system-out>
      <![CDATA[Searching Cameras
Searching Cameras]]>
    </system-out>
  </testcase> <!-- searchFlowTest -->
  <system-out>
    <![CDATA[Launching Browser
Clicked on Desktops
Clicked on Mac
Mac Heading Verified
Add to cart Verified
Clicked on Desktops
Clicked on Mac
Mac Heading Verified
Add to cart Verified
Searching Monitors
Searching Monitors
Searching Phones
Searching Phones
Searching Cameras
Searching Cameras]]>
  </system-out>
</testsuite> <!-- package1.SearchTest -->
