<?xml version="1.0" encoding="UTF-8"?>
<testng-results ignored="0" total="3" passed="3" failed="0" skipped="0">
  <reporter-output>
    <line>
      <![CDATA[Launching Browser]]>
    </line>
    <line>
      <![CDATA[Searching Monitors]]>
    </line>
    <line>
      <![CDATA[Searching Phones]]>
    </line>
    <line>
      <![CDATA[Searching Cameras]]>
    </line>
  </reporter-output>
  <suite started-at="2026-08-10T12:01:24 IST" name="Default suite" finished-at="2026-08-10T12:01:29 IST" duration-ms="4211">
    <groups>
    </groups>
    <test started-at="2026-08-10T12:01:24 IST" name="Default test" finished-at="2026-08-10T12:01:29 IST" duration-ms="4211">
      <class name="package1.SearchTest">
        <test-method is-config="true" signature="setup()[pri:0, instance:package1.SearchTest@61322f9d]" started-at="2026-08-10T12:01:04 IST" name="setup" finished-at="2026-08-10T12:01:24 IST" duration-ms="20598" status="PASS">
          <reporter-output>
            <line>
              <![CDATA[Launching Browser]]>
            </line>
          </reporter-output>
        </test-method> <!-- setup -->
        <test-method is-config="true" signature="beforeTest()[pri:0, instance:package1.SearchTest@61322f9d]" started-at="2026-08-10T12:01:24 IST" name="beforeTest" finished-at="2026-08-10T12:01:24 IST" duration-ms="7" status="PASS">
          <reporter-output>
          </reporter-output>
        </test-method> <!-- beforeTest -->
        <test-method is-config="true" signature="beforeClass()[pri:0, instance:package1.SearchTest@61322f9d]" started-at="2026-08-10T12:01:24 IST" name="beforeClass" finished-at="2026-08-10T12:01:24 IST" duration-ms="2" status="PASS">
          <reporter-output>
          </reporter-output>
        </test-method> <!-- beforeClass -->
        <test-method is-config="true" signature="beforeMethod()[pri:0, instance:package1.SearchTest@61322f9d]" started-at="2026-08-10T12:01:25 IST" name="beforeMethod" finished-at="2026-08-10T12:01:25 IST" duration-ms="3" status="PASS">
          <reporter-output>
          </reporter-output>
        </test-method> <!-- beforeMethod -->
        <test-method signature="searchFlowTest(java.lang.String,java.lang.String)[pri:0, instance:package1.SearchTest@61322f9d]" started-at="2026-08-10T12:01:25 IST" name="searchFlowTest" data-provider="searchData" finished-at="2026-08-10T12:01:27 IST" duration-ms="2464" status="PASS">
          <params>
            <param index="0">
              <value>
                <![CDATA[Mobile]]>
              </value>
            </param>
            <param index="1">
              <value>
                <![CDATA[Monitors]]>
              </value>
            </param>
          </params>
          <reporter-output>
            <line>
              <![CDATA[Searching Monitors]]>
            </line>
          </reporter-output>
        </test-method> <!-- searchFlowTest -->
        <test-method is-config="true" signature="afterMethod()[pri:0, instance:package1.SearchTest@61322f9d]" started-at="2026-08-10T12:01:27 IST" name="afterMethod" finished-at="2026-08-10T12:01:27 IST" duration-ms="1" status="PASS">
          <reporter-output>
          </reporter-output>
        </test-method> <!-- afterMethod -->
        <test-method is-config="true" signature="beforeMethod()[pri:0, instance:package1.SearchTest@61322f9d]" started-at="2026-08-10T12:01:27 IST" name="beforeMethod" finished-at="2026-08-10T12:01:27 IST" duration-ms="9" status="PASS">
          <reporter-output>
          </reporter-output>
        </test-method> <!-- beforeMethod -->
        <test-method signature="searchFlowTest(java.lang.String,java.lang.String)[pri:0, instance:package1.SearchTest@61322f9d]" started-at="2026-08-10T12:01:27 IST" name="searchFlowTest" data-provider="searchData" finished-at="2026-08-10T12:01:28 IST" duration-ms="854" status="PASS">
          <params>
            <param index="0">
              <value>
                <![CDATA[Laptop]]>
              </value>
            </param>
            <param index="1">
              <value>
                <![CDATA[Phones]]>
              </value>
            </param>
          </params>
          <reporter-output>
            <line>
              <![CDATA[Searching Phones]]>
            </line>
          </reporter-output>
        </test-method> <!-- searchFlowTest -->
        <test-method is-config="true" signature="afterMethod()[pri:0, instance:package1.SearchTest@61322f9d]" started-at="2026-08-10T12:01:28 IST" name="afterMethod" finished-at="2026-08-10T12:01:28 IST" duration-ms="1" status="PASS">
          <reporter-output>
          </reporter-output>
        </test-method> <!-- afterMethod -->
        <test-method is-config="true" signature="beforeMethod()[pri:0, instance:package1.SearchTest@61322f9d]" started-at="2026-08-10T12:01:28 IST" name="beforeMethod" finished-at="2026-08-10T12:01:28 IST" duration-ms="0" status="PASS">
          <reporter-output>
          </reporter-output>
        </test-method> <!-- beforeMethod -->
        <test-method signature="searchFlowTest(java.lang.String,java.lang.String)[pri:0, instance:package1.SearchTest@61322f9d]" started-at="2026-08-10T12:01:28 IST" name="searchFlowTest" data-provider="searchData" finished-at="2026-08-10T12:01:29 IST" duration-ms="650" status="PASS">
          <params>
            <param index="0">
              <value>
                <![CDATA[Camera]]>
              </value>
            </param>
            <param index="1">
              <value>
                <![CDATA[Cameras]]>
              </value>
            </param>
          </params>
          <reporter-output>
            <line>
              <![CDATA[Searching Cameras]]>
            </line>
          </reporter-output>
        </test-method> <!-- searchFlowTest -->
        <test-method is-config="true" signature="afterMethod()[pri:0, instance:package1.SearchTest@61322f9d]" started-at="2026-08-10T12:01:29 IST" name="afterMethod" finished-at="2026-08-10T12:01:29 IST" duration-ms="3" status="PASS">
          <reporter-output>
          </reporter-output>
        </test-method> <!-- afterMethod -->
        <test-method is-config="true" signature="afterClass()[pri:0, instance:package1.SearchTest@61322f9d]" started-at="2026-08-10T12:01:29 IST" name="afterClass" finished-at="2026-08-10T12:01:29 IST" duration-ms="4" status="PASS">
          <reporter-output>
          </reporter-output>
        </test-method> <!-- afterClass -->
        <test-method is-config="true" signature="afterTest()[pri:0, instance:package1.SearchTest@61322f9d]" started-at="2026-08-10T12:01:29 IST" name="afterTest" finished-at="2026-08-10T12:01:29 IST" duration-ms="1" status="PASS">
          <reporter-output>
          </reporter-output>
        </test-method> <!-- afterTest -->
        <test-method is-config="true" signature="tearDown()[pri:0, instance:package1.SearchTest@61322f9d]" started-at="2026-08-10T12:01:29 IST" name="tearDown" finished-at="2026-08-10T12:01:30 IST" duration-ms="1579" status="PASS">
          <reporter-output>
          </reporter-output>
        </test-method> <!-- tearDown -->
      </class> <!-- package1.SearchTest -->
    </test> <!-- Default test -->
  </suite> <!-- Default suite -->
</testng-results>
