<?xml version="1.0" encoding="UTF-8"?>
<!-- Generated by org.testng.reporters.JUnitXMLReporter -->
<testsuite ignored="4" hostname="ENCDAPHYDLT0597" failures="0" tests="4" name="ParametarizationTest" time="32.787" errors="0" timestamp="2026-08-12T11:46:39 IST">
  <testcase classname="package1.RegisterTest" name="fillRegisterForm" time="2.888"/>
  <testcase classname="package1.RegisterTest" name="fillRegisterForm" time="2.384"/>
  <testcase classname="package1.RegisterTest" name="fillRegisterForm" time="2.525"/>
  <testcase classname="package1.RegisterTest" name="fillRegisterForm" time="2.193"/>
  <testcase classname="package1.BaseTest" name="@BeforeTest beforeTest" time="0.0">
    <ignored/>
  </testcase> <!-- @BeforeTest beforeTest -->
  <testcase classname="package1.BaseTest" name="@BeforeSuite setup" time="0.0">
    <ignored/>
  </testcase> <!-- @BeforeSuite setup -->
  <testcase classname="package1.BaseTest" name="@AfterTest afterTest" time="0.0">
    <ignored/>
  </testcase> <!-- @AfterTest afterTest -->
  <testcase classname="package1.BaseTest" name="@AfterSuite tearDown" time="0.0">
    <ignored/>
  </testcase> <!-- @AfterSuite tearDown -->
</testsuite> <!-- ParametarizationTest -->
