<?xml version="1.0" encoding="UTF-8"?>
<!-- Generated by org.testng.reporters.JUnitXMLReporter -->
<testsuite ignored="4" hostname="ENCDAPHYDLT0597" failures="0" tests="4" name="POMPageFactoryTest" time="37.054" errors="0" timestamp="2026-08-12T09:29:57 IST">
  <testcase classname="package1.RegisterTest" name="fillRegisterForm" time="3.52"/>
  <testcase classname="package1.RegisterTest" name="fillRegisterForm" time="2.879"/>
  <testcase classname="package1.RegisterTest" name="fillRegisterForm" time="3.073"/>
  <testcase classname="package1.RegisterTest" name="fillRegisterForm" time="2.68"/>
  <testcase classname="package1.BaseTest" name="@BeforeTest beforeTest" time="0.0">
    <ignored/>
  </testcase> <!-- @BeforeTest beforeTest -->
  <testcase classname="package1.BaseTest" name="@BeforeSuite setup" time="0.0">
    <ignored/>
  </testcase> <!-- @BeforeSuite setup -->
  <testcase classname="package1.BaseTest" name="@AfterTest afterTest" time="0.0">
    <ignored/>
  </testcase> <!-- @AfterTest afterTest -->
  <testcase classname="package1.BaseTest" name="@AfterSuite tearDown" time="0.0">
    <ignored/>
  </testcase> <!-- @AfterSuite tearDown -->
</testsuite> <!-- POMPageFactoryTest -->
