<?xml version="1.0" encoding="UTF-8"?>
<testng-results ignored="0" total="2" passed="2" failed="0" skipped="0">
  <reporter-output>
  </reporter-output>
  <suite started-at="2026-08-19T11:01:16 IST" name="Default suite" finished-at="2026-08-19T11:01:46 IST" duration-ms="30158">
    <groups>
      <group name="cucumber">
        <method signature="AbstractTestNGCucumberTests.runScenario(io.cucumber.testng.PickleWrapper,io.cucumber.testng.FeatureWrapper)[pri:0, instance:Runners.TestRunner@15ca7889]" name="runScenario" class="io.cucumber.testng.AbstractTestNGCucumberTests"/>
      </group> <!-- cucumber -->
    </groups>
    <test started-at="2026-08-19T11:01:16 IST" name="Default test" finished-at="2026-08-19T11:01:46 IST" duration-ms="30158">
      <class name="Runners.TestRunner">
        <test-method is-config="true" signature="setUpClass(org.testng.ITestContext)[pri:0, instance:Runners.TestRunner@15ca7889]" started-at="2026-08-19T11:01:16 IST" name="setUpClass" finished-at="2026-08-19T11:01:17 IST" duration-ms="604" status="PASS">
          <params>
            <param index="0">
              <value>
                <![CDATA[org.testng.TestRunner@16b64a03]]>
              </value>
            </param>
          </params>
          <reporter-output>
          </reporter-output>
        </test-method> <!-- setUpClass -->
        <test-method signature="runScenario(io.cucumber.testng.PickleWrapper,io.cucumber.testng.FeatureWrapper)[pri:0, instance:Runners.TestRunner@15ca7889]" started-at="2026-08-19T11:01:17 IST" name="runScenario" description="Runs Cucumber Scenarios" data-provider="scenarios" finished-at="2026-08-19T11:01:29 IST" duration-ms="12420" status="PASS">
          <params>
            <param index="0">
              <value>
                <![CDATA["TC013A - Verify login with invalid mobile"]]>
              </value>
            </param>
            <param index="1">
              <value>
                <![CDATA["Unacademy Login"]]>
              </value>
            </param>
          </params>
          <reporter-output>
          </reporter-output>
        </test-method> <!-- runScenario -->
        <test-method signature="runScenario(io.cucumber.testng.PickleWrapper,io.cucumber.testng.FeatureWrapper)[pri:0, instance:Runners.TestRunner@15ca7889]" started-at="2026-08-19T11:01:29 IST" name="runScenario" description="Runs Cucumber Scenarios" data-provider="scenarios" finished-at="2026-08-19T11:01:46 IST" duration-ms="17042" status="PASS">
          <params>
            <param index="0">
              <value>
                <![CDATA["TC013B - Verify login with invalid email"]]>
              </value>
            </param>
            <param index="1">
              <value>
                <![CDATA["Unacademy Login"]]>
              </value>
            </param>
          </params>
          <reporter-output>
          </reporter-output>
        </test-method> <!-- runScenario -->
        <test-method is-config="true" signature="tearDownClass()[pri:0, instance:Runners.TestRunner@15ca7889]" started-at="2026-08-19T11:01:46 IST" name="tearDownClass" finished-at="2026-08-19T11:01:46 IST" duration-ms="37" status="PASS">
          <reporter-output>
          </reporter-output>
        </test-method> <!-- tearDownClass -->
        <test-method is-config="true" signature="finishReport()[pri:0, instance:Runners.TestRunner@15ca7889]" started-at="2026-08-19T11:01:46 IST" name="finishReport" finished-at="2026-08-19T11:01:47 IST" duration-ms="571" status="PASS">
          <reporter-output>
          </reporter-output>
        </test-method> <!-- finishReport -->
      </class> <!-- Runners.TestRunner -->
    </test> <!-- Default test -->
  </suite> <!-- Default suite -->
</testng-results>
