<?xml version="1.0" encoding="UTF-8"?>
<testng-results ignored="0" total="16" passed="14" failed="2" skipped="0">
  <reporter-output>
  </reporter-output>
  <suite started-at="2026-08-20T16:10:24 IST" name="Default suite" finished-at="2026-08-20T16:20:13 IST" duration-ms="589335">
    <groups>
      <group name="cucumber">
        <method signature="AbstractTestNGCucumberTests.runScenario(io.cucumber.testng.PickleWrapper,io.cucumber.testng.FeatureWrapper)[pri:0, instance:Runners.TestRunner@15ca7889]" name="runScenario" class="io.cucumber.testng.AbstractTestNGCucumberTests"/>
      </group> <!-- cucumber -->
    </groups>
    <test started-at="2026-08-20T16:10:24 IST" name="Default test" finished-at="2026-08-20T16:20:13 IST" duration-ms="589335">
      <class name="Runners.TestRunner">
        <test-method is-config="true" signature="setUpClass(org.testng.ITestContext)[pri:0, instance:Runners.TestRunner@15ca7889]" started-at="2026-08-20T16:10:24 IST" name="setUpClass" finished-at="2026-08-20T16:10:25 IST" duration-ms="661" status="PASS">
          <params>
            <param index="0">
              <value>
                <![CDATA[org.testng.TestRunner@ae54cb3]]>
              </value>
            </param>
          </params>
          <reporter-output>
          </reporter-output>
        </test-method> <!-- setUpClass -->
        <test-method signature="runScenario(io.cucumber.testng.PickleWrapper,io.cucumber.testng.FeatureWrapper)[pri:0, instance:Runners.TestRunner@15ca7889]" started-at="2026-08-20T16:10:25 IST" name="runScenario" description="Runs Cucumber Scenarios" data-provider="scenarios" finished-at="2026-08-20T16:11:06 IST" duration-ms="41527" status="PASS">
          <params>
            <param index="0">
              <value>
                <![CDATA["TC011 - Login with valid mobile number and valid OTP"]]>
              </value>
            </param>
            <param index="1">
              <value>
                <![CDATA["Unacademy Login"]]>
              </value>
            </param>
          </params>
          <reporter-output>
          </reporter-output>
        </test-method> <!-- runScenario -->
        <test-method signature="runScenario(io.cucumber.testng.PickleWrapper,io.cucumber.testng.FeatureWrapper)[pri:0, instance:Runners.TestRunner@15ca7889]" started-at="2026-08-20T16:11:06 IST" name="runScenario" description="Runs Cucumber Scenarios" data-provider="scenarios" finished-at="2026-08-20T16:11:37 IST" duration-ms="30622" status="PASS">
          <params>
            <param index="0">
              <value>
                <![CDATA["TC012 - Login with valid email id and otp"]]>
              </value>
            </param>
            <param index="1">
              <value>
                <![CDATA["Unacademy Login"]]>
              </value>
            </param>
          </params>
          <reporter-output>
          </reporter-output>
        </test-method> <!-- runScenario -->
        <test-method signature="runScenario(io.cucumber.testng.PickleWrapper,io.cucumber.testng.FeatureWrapper)[pri:0, instance:Runners.TestRunner@15ca7889]" started-at="2026-08-20T16:11:37 IST" name="runScenario" description="Runs Cucumber Scenarios" data-provider="scenarios" finished-at="2026-08-20T16:11:48 IST" duration-ms="11551" status="PASS">
          <params>
            <param index="0">
              <value>
                <![CDATA["TC013A - Verify login with invalid mobile"]]>
              </value>
            </param>
            <param index="1">
              <value>
                <![CDATA["Unacademy Login"]]>
              </value>
            </param>
          </params>
          <reporter-output>
          </reporter-output>
        </test-method> <!-- runScenario -->
        <test-method signature="runScenario(io.cucumber.testng.PickleWrapper,io.cucumber.testng.FeatureWrapper)[pri:0, instance:Runners.TestRunner@15ca7889]" started-at="2026-08-20T16:11:48 IST" name="runScenario" description="Runs Cucumber Scenarios" data-provider="scenarios" finished-at="2026-08-20T16:12:03 IST" duration-ms="14853" status="PASS">
          <params>
            <param index="0">
              <value>
                <![CDATA["TC013B - Verify login with invalid email"]]>
              </value>
            </param>
            <param index="1">
              <value>
                <![CDATA["Unacademy Login"]]>
              </value>
            </param>
          </params>
          <reporter-output>
          </reporter-output>
        </test-method> <!-- runScenario -->
        <test-method signature="runScenario(io.cucumber.testng.PickleWrapper,io.cucumber.testng.FeatureWrapper)[pri:0, instance:Runners.TestRunner@15ca7889]" started-at="2026-08-20T16:12:03 IST" name="runScenario" description="Runs Cucumber Scenarios" data-provider="scenarios" finished-at="2026-08-20T16:12:18 IST" duration-ms="14451" status="PASS">
          <params>
            <param index="0">
              <value>
                <![CDATA["TC014 - Verify login with invalid OTP"]]>
              </value>
            </param>
            <param index="1">
              <value>
                <![CDATA["Unacademy Login"]]>
              </value>
            </param>
          </params>
          <reporter-output>
          </reporter-output>
        </test-method> <!-- runScenario -->
        <test-method signature="runScenario(io.cucumber.testng.PickleWrapper,io.cucumber.testng.FeatureWrapper)[pri:0, instance:Runners.TestRunner@15ca7889]" started-at="2026-08-20T16:12:18 IST" name="runScenario" description="Runs Cucumber Scenarios" data-provider="scenarios" finished-at="2026-08-20T16:13:30 IST" duration-ms="71883" status="PASS">
          <params>
            <param index="0">
              <value>
                <![CDATA["TC015 - Verify login with expired OTP"]]>
              </value>
            </param>
            <param index="1">
              <value>
                <![CDATA["Unacademy Login"]]>
              </value>
            </param>
          </params>
          <reporter-output>
          </reporter-output>
        </test-method> <!-- runScenario -->
        <test-method signature="runScenario(io.cucumber.testng.PickleWrapper,io.cucumber.testng.FeatureWrapper)[pri:0, instance:Runners.TestRunner@15ca7889]" started-at="2026-08-20T16:13:30 IST" name="runScenario" description="Runs Cucumber Scenarios" data-provider="scenarios" finished-at="2026-08-20T16:14:15 IST" duration-ms="45722" status="PASS">
          <params>
            <param index="0">
              <value>
                <![CDATA["TC017 - Login from Laptop TC018 - verify login from geographical location"]]>
              </value>
            </param>
            <param index="1">
              <value>
                <![CDATA["Unacademy Login"]]>
              </value>
            </param>
          </params>
          <reporter-output>
          </reporter-output>
        </test-method> <!-- runScenario -->
        <test-method signature="runScenario(io.cucumber.testng.PickleWrapper,io.cucumber.testng.FeatureWrapper)[pri:0, instance:Runners.TestRunner@15ca7889]" started-at="2026-08-20T16:14:15 IST" name="runScenario" description="Runs Cucumber Scenarios" data-provider="scenarios" finished-at="2026-08-20T16:14:53 IST" duration-ms="37413" status="PASS">
          <params>
            <param index="0">
              <value>
                <![CDATA["TC019 - Verify Successfull logout"]]>
              </value>
            </param>
            <param index="1">
              <value>
                <![CDATA["Unacademy Login"]]>
              </value>
            </param>
          </params>
          <reporter-output>
          </reporter-output>
        </test-method> <!-- runScenario -->
        <test-method signature="runScenario(io.cucumber.testng.PickleWrapper,io.cucumber.testng.FeatureWrapper)[pri:0, instance:Runners.TestRunner@15ca7889]" started-at="2026-08-20T16:14:53 IST" name="runScenario" description="Runs Cucumber Scenarios" data-provider="scenarios" finished-at="2026-08-20T16:15:28 IST" duration-ms="34726" status="PASS">
          <params>
            <param index="0">
              <value>
                <![CDATA["TC001 - Verify joining Unacademy with valid mobile number and valid OTP"]]>
              </value>
            </param>
            <param index="1">
              <value>
                <![CDATA["Unacademy Sign Up"]]>
              </value>
            </param>
          </params>
          <reporter-output>
          </reporter-output>
        </test-method> <!-- runScenario -->
        <test-method signature="runScenario(io.cucumber.testng.PickleWrapper,io.cucumber.testng.FeatureWrapper)[pri:0, instance:Runners.TestRunner@15ca7889]" started-at="2026-08-20T16:15:28 IST" name="runScenario" description="Runs Cucumber Scenarios" data-provider="scenarios" finished-at="2026-08-20T16:15:39 IST" duration-ms="11248" status="PASS">
          <params>
            <param index="0">
              <value>
                <![CDATA["TC002 - Verify joining with invalid mobile number"]]>
              </value>
            </param>
            <param index="1">
              <value>
                <![CDATA["Unacademy Sign Up"]]>
              </value>
            </param>
          </params>
          <reporter-output>
          </reporter-output>
        </test-method> <!-- runScenario -->
        <test-method signature="runScenario(io.cucumber.testng.PickleWrapper,io.cucumber.testng.FeatureWrapper)[pri:0, instance:Runners.TestRunner@15ca7889]" started-at="2026-08-20T16:15:39 IST" name="runScenario" description="Runs Cucumber Scenarios" data-provider="scenarios" finished-at="2026-08-20T16:15:52 IST" duration-ms="13595" status="PASS">
          <params>
            <param index="0">
              <value>
                <![CDATA["TC003 - Verify login with invalid OTP"]]>
              </value>
            </param>
            <param index="1">
              <value>
                <![CDATA["Unacademy Sign Up"]]>
              </value>
            </param>
          </params>
          <reporter-output>
          </reporter-output>
        </test-method> <!-- runScenario -->
        <test-method signature="runScenario(io.cucumber.testng.PickleWrapper,io.cucumber.testng.FeatureWrapper)[pri:0, instance:Runners.TestRunner@15ca7889]" started-at="2026-08-20T16:15:52 IST" name="runScenario" description="Runs Cucumber Scenarios" data-provider="scenarios" finished-at="2026-08-20T16:17:04 IST" duration-ms="71276" status="PASS">
          <params>
            <param index="0">
              <value>
                <![CDATA["TC004- Verify joining with expired OTP"]]>
              </value>
            </param>
            <param index="1">
              <value>
                <![CDATA["Unacademy Sign Up"]]>
              </value>
            </param>
          </params>
          <reporter-output>
          </reporter-output>
        </test-method> <!-- runScenario -->
        <test-method signature="runScenario(io.cucumber.testng.PickleWrapper,io.cucumber.testng.FeatureWrapper)[pri:0, instance:Runners.TestRunner@15ca7889]" started-at="2026-08-20T16:17:04 IST" name="runScenario" description="Runs Cucumber Scenarios" data-provider="scenarios" finished-at="2026-08-20T16:17:43 IST" duration-ms="39517" status="PASS">
          <params>
            <param index="0">
              <value>
                <![CDATA["TC006 &TC007 - Verify sign up from Laptop using Chrome"]]>
              </value>
            </param>
            <param index="1">
              <value>
                <![CDATA["Unacademy Sign Up"]]>
              </value>
            </param>
          </params>
          <reporter-output>
          </reporter-output>
        </test-method> <!-- runScenario -->
        <test-method signature="runScenario(io.cucumber.testng.PickleWrapper,io.cucumber.testng.FeatureWrapper)[pri:0, instance:Runners.TestRunner@15ca7889]" started-at="2026-08-20T16:17:43 IST" name="runScenario" description="Runs Cucumber Scenarios" data-provider="scenarios" finished-at="2026-08-20T16:18:15 IST" duration-ms="31314" status="PASS">
          <params>
            <param index="0">
              <value>
                <![CDATA["TC008 - Verify sign up using Firefox"]]>
              </value>
            </param>
            <param index="1">
              <value>
                <![CDATA["Unacademy Sign Up"]]>
              </value>
            </param>
          </params>
          <reporter-output>
          </reporter-output>
        </test-method> <!-- runScenario -->
        <test-method signature="runScenario(io.cucumber.testng.PickleWrapper,io.cucumber.testng.FeatureWrapper)[pri:0, instance:Runners.TestRunner@15ca7889]" started-at="2026-08-20T16:18:15 IST" name="runScenario" description="Runs Cucumber Scenarios" data-provider="scenarios" finished-at="2026-08-20T16:18:44 IST" duration-ms="29288" status="FAIL">
          <params>
            <param index="0">
              <value>
                <![CDATA["TC009 - Verify sign up using Edge"]]>
              </value>
            </param>
            <param index="1">
              <value>
                <![CDATA["Unacademy Sign Up"]]>
              </value>
            </param>
          </params>
          <exception class="org.openqa.selenium.StaleElementReferenceException">
            <message>
              <![CDATA[stale element reference: stale element not found
  (Session info: chrome=151.0.7922.170)
For documentation on this error, please visit: https://www.selenium.dev/documentation/webdriver/troubleshooting/errors#stale-element-reference-exception
Build info: version: '4.10.0', revision: 'c14d967899'
System info: os.name: 'Windows 11', os.arch: 'amd64', os.version: '10.0', java.version: '21.0.12'
Driver info: org.openqa.selenium.chrome.ChromeDriver
Command: [8c656f31297075572db67f5fdbc1926e, isElementDisplayed {id=f.E34D51FD02B64A8536CB2FEBC41B77A4.d.952FA530F5E50B3246FC8D778B196017.e.794}]
Capabilities {acceptInsecureCerts: false, browserName: chrome, browserVersion: 151.0.7922.170, chrome: {chromedriverVersion: 151.0.7922.138 (41fa8244239..., userDataDir: C:\Users\BALLA~1.THA\AppDat...}, fedcm:accounts: true, goog:chromeOptions: {debuggerAddress: localhost:64268}, goog:processID: 25992, networkConnectionEnabled: false, pageLoadStrategy: normal, platformName: windows, proxy: Proxy(), se:cdp: ws://localhost:64268/devtoo..., se:cdpVersion: 151.0.7922.170, setWindowRect: true, strictFileInteractability: false, timeouts: {implicit: 0, pageLoad: 300000, script: 30000}, unhandledPromptBehavior: dismiss and notify, webauthn:extension:credBlob: true, webauthn:extension:largeBlob: true, webauthn:extension:minPinLength: true, webauthn:extension:prf: true, webauthn:virtualAuthenticators: true}
Element: [[ChromeDriver: chrome on windows (8c656f31297075572db67f5fdbc1926e)] -> xpath: //h1[contains(normalize-space(),'Crack IIT JEE with Unacademy')]]
Session ID: 8c656f31297075572db67f5fdbc1926e]]>
            </message>
            <full-stacktrace>
              <![CDATA[org.openqa.selenium.StaleElementReferenceException: stale element reference: stale element not found
  (Session info: chrome=151.0.7922.170)
For documentation on this error, please visit: https://www.selenium.dev/documentation/webdriver/troubleshooting/errors#stale-element-reference-exception
Build info: version: '4.10.0', revision: 'c14d967899'
System info: os.name: 'Windows 11', os.arch: 'amd64', os.version: '10.0', java.version: '21.0.12'
Driver info: org.openqa.selenium.chrome.ChromeDriver
Command: [8c656f31297075572db67f5fdbc1926e, isElementDisplayed {id=f.E34D51FD02B64A8536CB2FEBC41B77A4.d.952FA530F5E50B3246FC8D778B196017.e.794}]
Capabilities {acceptInsecureCerts: false, browserName: chrome, browserVersion: 151.0.7922.170, chrome: {chromedriverVersion: 151.0.7922.138 (41fa8244239..., userDataDir: C:\Users\BALLA~1.THA\AppDat...}, fedcm:accounts: true, goog:chromeOptions: {debuggerAddress: localhost:64268}, goog:processID: 25992, networkConnectionEnabled: false, pageLoadStrategy: normal, platformName: windows, proxy: Proxy(), se:cdp: ws://localhost:64268/devtoo..., se:cdpVersion: 151.0.7922.170, setWindowRect: true, strictFileInteractability: false, timeouts: {implicit: 0, pageLoad: 300000, script: 30000}, unhandledPromptBehavior: dismiss and notify, webauthn:extension:credBlob: true, webauthn:extension:largeBlob: true, webauthn:extension:minPinLength: true, webauthn:extension:prf: true, webauthn:virtualAuthenticators: true}
Element: [[ChromeDriver: chrome on windows (8c656f31297075572db67f5fdbc1926e)] -> xpath: //h1[contains(normalize-space(),'Crack IIT JEE with Unacademy')]]
Session ID: 8c656f31297075572db67f5fdbc1926e
at java.base/jdk.internal.reflect.DirectConstructorHandleAccessor.newInstance(DirectConstructorHandleAccessor.java:62)
at java.base/java.lang.reflect.Constructor.newInstanceWithCaller(Constructor.java:502)
at java.base/java.lang.reflect.Constructor.newInstance(Constructor.java:486)
at org.openqa.selenium.remote.codec.w3c.W3CHttpResponseCodec.createException(W3CHttpResponseCodec.java:199)
at org.openqa.selenium.remote.codec.w3c.W3CHttpResponseCodec.decode(W3CHttpResponseCodec.java:132)
at org.openqa.selenium.remote.codec.w3c.W3CHttpResponseCodec.decode(W3CHttpResponseCodec.java:51)
at org.openqa.selenium.remote.HttpCommandExecutor.execute(HttpCommandExecutor.java:191)
at org.openqa.selenium.remote.service.DriverCommandExecutor.invokeExecute(DriverCommandExecutor.java:196)
at org.openqa.selenium.remote.service.DriverCommandExecutor.execute(DriverCommandExecutor.java:171)
at org.openqa.selenium.remote.RemoteWebDriver.execute(RemoteWebDriver.java:531)
at org.openqa.selenium.remote.RemoteWebElement.execute(RemoteWebElement.java:242)
at org.openqa.selenium.remote.RemoteWebElement.isDisplayed(RemoteWebElement.java:298)
at java.base/jdk.internal.reflect.DirectMethodHandleAccessor.invoke(DirectMethodHandleAccessor.java:103)
at java.base/java.lang.reflect.Method.invoke(Method.java:580)
at org.openqa.selenium.support.pagefactory.internal.LocatingElementHandler.invoke(LocatingElementHandler.java:51)
at jdk.proxy2/jdk.proxy2.$Proxy32.isDisplayed(Unknown Source)
at org.openqa.selenium.support.ui.ExpectedConditions.elementIfVisible(ExpectedConditions.java:304)
at org.openqa.selenium.support.ui.ExpectedConditions.access$000(ExpectedConditions.java:37)
at org.openqa.selenium.support.ui.ExpectedConditions$10.apply(ExpectedConditions.java:290)
at org.openqa.selenium.support.ui.ExpectedConditions$10.apply(ExpectedConditions.java:287)
at org.openqa.selenium.support.ui.FluentWait.until(FluentWait.java:205)
at Pages.SignupPage.isHomePageDisplayed(SignupPage.java:96)
at StepDefinitions.signupTest.i_should_be_registered_successfully(signupTest.java:90)
at ✽.I should be registered successfully(file:///C:/Users/Balla.Thanuja/OneDrive%20-%20Coforge%20Limited/eclipse%20workspace/Selenium/unacademy/src/test/java/Features/signup.feature:67)
]]>
            </full-stacktrace>
          </exception> <!-- org.openqa.selenium.StaleElementReferenceException -->
          <reporter-output>
          </reporter-output>
        </test-method> <!-- runScenario -->
        <test-method signature="runScenario(io.cucumber.testng.PickleWrapper,io.cucumber.testng.FeatureWrapper)[pri:0, instance:Runners.TestRunner@15ca7889]" started-at="2026-08-20T16:18:44 IST" name="runScenario" description="Runs Cucumber Scenarios" data-provider="scenarios" finished-at="2026-08-20T16:20:13 IST" duration-ms="89562" status="FAIL">
          <params>
            <param index="0">
              <value>
                <![CDATA["TC010 - Verify first-time joining Unacademy with valid mobile number, OTP, name and state"]]>
              </value>
            </param>
            <param index="1">
              <value>
                <![CDATA["Unacademy Sign Up"]]>
              </value>
            </param>
          </params>
          <exception class="org.openqa.selenium.TimeoutException">
            <message>
              <![CDATA[Expected condition failed: waiting for visibility of Proxy element for: DefaultElementLocator 'By.xpath: //input[@placeholder='Name']' (tried for 65 second(s) with 500 milliseconds interval)]]>
            </message>
            <full-stacktrace>
              <![CDATA[org.openqa.selenium.TimeoutException: Expected condition failed: waiting for visibility of Proxy element for: DefaultElementLocator 'By.xpath: //input[@placeholder='Name']' (tried for 65 second(s) with 500 milliseconds interval)
at org.openqa.selenium.support.ui.WebDriverWait.timeoutException(WebDriverWait.java:84)
at org.openqa.selenium.support.ui.FluentWait.until(FluentWait.java:230)
at Pages.SignupPage.enterName(SignupPage.java:139)
at StepDefinitions.signupTest.i_enter_my_name(signupTest.java:127)
at ✽.I enter my name(file:///C:/Users/Balla.Thanuja/OneDrive%20-%20Coforge%20Limited/eclipse%20workspace/Selenium/unacademy/src/test/java/Features/signup.feature:76)
Caused by: org.openqa.selenium.NoSuchElementException: no such element: Unable to locate element: {"method":"xpath","selector":"//input[@placeholder='Name']"}
  (Session info: chrome=151.0.7922.170)
For documentation on this error, please visit: https://www.selenium.dev/documentation/webdriver/troubleshooting/errors#no-such-element-exception
Build info: version: '4.10.0', revision: 'c14d967899'
System info: os.name: 'Windows 11', os.arch: 'amd64', os.version: '10.0', java.version: '21.0.12'
Driver info: org.openqa.selenium.chrome.ChromeDriver
Command: [70da695f8cfbe848e36bd6ea7b5b3049, findElement {using=xpath, value=//input[@placeholder='Name']}]
Capabilities {acceptInsecureCerts: false, browserName: chrome, browserVersion: 151.0.7922.170, chrome: {chromedriverVersion: 151.0.7922.138 (41fa8244239..., userDataDir: C:\Users\BALLA~1.THA\AppDat...}, fedcm:accounts: true, goog:chromeOptions: {debuggerAddress: localhost:58665}, goog:processID: 8704, networkConnectionEnabled: false, pageLoadStrategy: normal, platformName: windows, proxy: Proxy(), se:cdp: ws://localhost:58665/devtoo..., se:cdpVersion: 151.0.7922.170, setWindowRect: true, strictFileInteractability: false, timeouts: {implicit: 0, pageLoad: 300000, script: 30000}, unhandledPromptBehavior: dismiss and notify, webauthn:extension:credBlob: true, webauthn:extension:largeBlob: true, webauthn:extension:minPinLength: true, webauthn:extension:prf: true, webauthn:virtualAuthenticators: true}
Session ID: 70da695f8cfbe848e36bd6ea7b5b3049
at java.base/jdk.internal.reflect.DirectConstructorHandleAccessor.newInstance(DirectConstructorHandleAccessor.java:62)
at java.base/java.lang.reflect.Constructor.newInstanceWithCaller(Constructor.java:502)
at java.base/java.lang.reflect.Constructor.newInstance(Constructor.java:486)
at org.openqa.selenium.remote.codec.w3c.W3CHttpResponseCodec.createException(W3CHttpResponseCodec.java:199)
at org.openqa.selenium.remote.codec.w3c.W3CHttpResponseCodec.decode(W3CHttpResponseCodec.java:132)
at org.openqa.selenium.remote.codec.w3c.W3CHttpResponseCodec.decode(W3CHttpResponseCodec.java:51)
at org.openqa.selenium.remote.HttpCommandExecutor.execute(HttpCommandExecutor.java:191)
at org.openqa.selenium.remote.service.DriverCommandExecutor.invokeExecute(DriverCommandExecutor.java:196)
at org.openqa.selenium.remote.service.DriverCommandExecutor.execute(DriverCommandExecutor.java:171)
at org.openqa.selenium.remote.RemoteWebDriver.execute(RemoteWebDriver.java:531)
at org.openqa.selenium.remote.ElementLocation$ElementFinder$2.findElement(ElementLocation.java:165)
at org.openqa.selenium.remote.ElementLocation.findElement(ElementLocation.java:59)
at org.openqa.selenium.remote.RemoteWebDriver.findElement(RemoteWebDriver.java:350)
at org.openqa.selenium.remote.RemoteWebDriver.findElement(RemoteWebDriver.java:344)
at org.openqa.selenium.support.pagefactory.DefaultElementLocator.findElement(DefaultElementLocator.java:68)
at org.openqa.selenium.support.pagefactory.internal.LocatingElementHandler.invoke(LocatingElementHandler.java:38)
at jdk.proxy2/jdk.proxy2.$Proxy32.isDisplayed(Unknown Source)
at org.openqa.selenium.support.ui.ExpectedConditions.elementIfVisible(ExpectedConditions.java:304)
at org.openqa.selenium.support.ui.ExpectedConditions.access$000(ExpectedConditions.java:37)
at org.openqa.selenium.support.ui.ExpectedConditions$10.apply(ExpectedConditions.java:290)
at org.openqa.selenium.support.ui.ExpectedConditions$10.apply(ExpectedConditions.java:287)
at org.openqa.selenium.support.ui.FluentWait.until(FluentWait.java:205)
... 3 more
]]>
            </full-stacktrace>
          </exception> <!-- org.openqa.selenium.TimeoutException -->
          <reporter-output>
          </reporter-output>
        </test-method> <!-- runScenario -->
        <test-method is-config="true" signature="tearDownClass()[pri:0, instance:Runners.TestRunner@15ca7889]" started-at="2026-08-20T16:20:13 IST" name="tearDownClass" finished-at="2026-08-20T16:20:13 IST" duration-ms="30" status="PASS">
          <reporter-output>
          </reporter-output>
        </test-method> <!-- tearDownClass -->
        <test-method is-config="true" signature="finishReport()[pri:0, instance:Runners.TestRunner@15ca7889]" started-at="2026-08-20T16:20:13 IST" name="finishReport" finished-at="2026-08-20T16:20:14 IST" duration-ms="578" status="PASS">
          <reporter-output>
          </reporter-output>
        </test-method> <!-- finishReport -->
      </class> <!-- Runners.TestRunner -->
    </test> <!-- Default test -->
  </suite> <!-- Default suite -->
</testng-results>
