<?xml version="1.0" encoding="UTF-8"?>
<!-- Generated by org.testng.reporters.JUnitXMLReporter -->
<testsuite ignored="8" hostname="ENCDAPHYDLT0597" failures="0" tests="5" name="POMPageFactoryTest" time="4.498" errors="0" timestamp="2026-08-08T12:57:30 IST">
  <testcase classname="package1.DesktopTest" name="DesktopFlow" time="1.626"/>
  <testcase classname="package1.DesktopTest" name="DesktopFlow" time="1.382"/>
  <testcase classname="package1.SearchTest" name="searchFlowTest" time="0.505"/>
  <testcase classname="package1.SearchTest" name="searchFlowTest" time="0.494"/>
  <testcase classname="package1.SearchTest" name="searchFlowTest" time="0.408"/>
  <testcase classname="package1.BaseTest" name="@AfterSuite tearDown" time="0.0">
    <ignored/>
  </testcase> <!-- @AfterSuite tearDown -->
  <testcase classname="package1.BaseTest" name="@BeforeTest beforeTest" time="0.0">
    <ignored/>
  </testcase> <!-- @BeforeTest beforeTest -->
  <testcase classname="package1.BaseTest" name="@AfterTest afterTest" time="0.0">
    <ignored/>
  </testcase> <!-- @AfterTest afterTest -->
  <testcase classname="package1.BaseTest" name="@AfterTest afterTest" time="0.0">
    <ignored/>
  </testcase> <!-- @AfterTest afterTest -->
  <testcase classname="package1.BaseTest" name="@BeforeSuite setup" time="0.0">
    <ignored/>
  </testcase> <!-- @BeforeSuite setup -->
  <testcase classname="package1.BaseTest" name="@AfterSuite tearDown" time="0.0">
    <ignored/>
  </testcase> <!-- @AfterSuite tearDown -->
  <testcase classname="package1.BaseTest" name="@BeforeTest beforeTest" time="0.0">
    <ignored/>
  </testcase> <!-- @BeforeTest beforeTest -->
  <testcase classname="package1.BaseTest" name="@BeforeSuite setup" time="0.0">
    <ignored/>
  </testcase> <!-- @BeforeSuite setup -->
</testsuite> <!-- POMPageFactoryTest -->
