<?xml version="1.0" encoding="UTF-8"?>
<!-- Generated by org.testng.reporters.JUnitReportReporter -->
<testsuite hostname="ENCDAPHYDLT0597" failures="0" tests="2" name="package1.DesktopTest" time="3.083" errors="0" timestamp="2026-08-08T12:14:51 IST" skipped="0">
  <testcase classname="package1.DesktopTest" name="DesktopFlow" time="1.570">
    <system-out>
      <![CDATA[Clicked on Desktops
Mac Heading Verified
Add to cart Verified]]>
    </system-out>
  </testcase> <!-- DesktopFlow -->
  <testcase classname="package1.DesktopTest" name="DesktopFlow" time="1.513">
    <system-out>
      <![CDATA[Clicked on Desktops
Mac Heading Verified
Add to cart Verified]]>
    </system-out>
  </testcase> <!-- DesktopFlow -->
  <system-out>
    <![CDATA[Launching Browser
Clicked on Desktops
Mac Heading Verified
Add to cart Verified
Clicked on Desktops
Mac Heading Verified
Add to cart Verified
Searching Monitors
Searching Phones
Searching Cameras]]>
  </system-out>
</testsuite> <!-- package1.DesktopTest -->
