<?xml version="1.0" encoding="UTF-8"?>
<!-- Generated by org.testng.reporters.JUnitXMLReporter -->
<testsuite ignored="0" hostname="ENCDAPHYDLT0597" failures="0" tests="3" name="Default test" time="4.211" errors="0" timestamp="2026-08-10T12:01:29 IST">
  <testcase classname="package1.SearchTest" name="searchFlowTest" time="2.464"/>
  <testcase classname="package1.SearchTest" name="searchFlowTest" time="0.854"/>
  <testcase classname="package1.SearchTest" name="searchFlowTest" time="0.65"/>
</testsuite> <!-- Default test -->
