<?xml version="1.0" encoding="UTF-8"?>
<testng-results ignored="0" total="4" passed="4" failed="0" skipped="0">
  <reporter-output>
    <line>
      <![CDATA[Launching Browser]]>
    </line>
    <line>
      <![CDATA[Home Page Verified]]>
    </line>
    <line>
      <![CDATA[Clicked on Register button]]>
    </line>
    <line>
      <![CDATA[Register Page Verified]]>
    </line>
    <line>
      <![CDATA[Filled personal Details]]>
    </line>
    <line>
      <![CDATA[Filled password Details]]>
    </line>
    <line>
      <![CDATA[Submitted successfully]]>
    </line>
    <line>
      <![CDATA[Account created successfully]]>
    </line>
    <line>
      <![CDATA[Launching Browser]]>
    </line>
    <line>
      <![CDATA[Home Page Verified]]>
    </line>
    <line>
      <![CDATA[Clicked on Register button]]>
    </line>
    <line>
      <![CDATA[Register Page Verified]]>
    </line>
    <line>
      <![CDATA[Filled personal Details]]>
    </line>
    <line>
      <![CDATA[Filled password Details]]>
    </line>
    <line>
      <![CDATA[Submitted successfully]]>
    </line>
    <line>
      <![CDATA[Account already exists - treated as PASS]]>
    </line>
    <line>
      <![CDATA[Launching Browser]]>
    </line>
    <line>
      <![CDATA[Home Page Verified]]>
    </line>
    <line>
      <![CDATA[Clicked on Register button]]>
    </line>
    <line>
      <![CDATA[Register Page Verified]]>
    </line>
    <line>
      <![CDATA[Filled personal Details]]>
    </line>
    <line>
      <![CDATA[Filled password Details]]>
    </line>
    <line>
      <![CDATA[Submitted successfully]]>
    </line>
    <line>
      <![CDATA[Account created successfully]]>
    </line>
    <line>
      <![CDATA[Launching Browser]]>
    </line>
    <line>
      <![CDATA[Home Page Verified]]>
    </line>
    <line>
      <![CDATA[Clicked on Register button]]>
    </line>
    <line>
      <![CDATA[Register Page Verified]]>
    </line>
    <line>
      <![CDATA[Filled personal Details]]>
    </line>
    <line>
      <![CDATA[Filled password Details]]>
    </line>
    <line>
      <![CDATA[Submitted successfully]]>
    </line>
    <line>
      <![CDATA[Account created successfully]]>
    </line>
  </reporter-output>
  <suite started-at="2026-08-11T09:40:53 IST" name="Default suite" finished-at="2026-08-11T09:42:04 IST" duration-ms="71448">
    <groups>
    </groups>
    <test started-at="2026-08-11T09:40:53 IST" name="Default test" finished-at="2026-08-11T09:42:04 IST" duration-ms="71448">
      <class name="package1.RegisterTest">
        <test-method is-config="true" signature="setup()[pri:0, instance:package1.RegisterTest@6f4a47c7]" started-at="2026-08-11T09:40:53 IST" name="setup" finished-at="2026-08-11T09:40:53 IST" duration-ms="16" status="PASS">
          <reporter-output>
          </reporter-output>
        </test-method> <!-- setup -->
        <test-method is-config="true" signature="beforeTest()[pri:0, instance:package1.RegisterTest@6f4a47c7]" started-at="2026-08-11T09:40:53 IST" name="beforeTest" finished-at="2026-08-11T09:40:53 IST" duration-ms="2" status="PASS">
          <reporter-output>
          </reporter-output>
        </test-method> <!-- beforeTest -->
        <test-method is-config="true" signature="beforeClass()[pri:0, instance:package1.RegisterTest@6f4a47c7]" started-at="2026-08-11T09:40:53 IST" name="beforeClass" finished-at="2026-08-11T09:40:53 IST" duration-ms="1" status="PASS">
          <reporter-output>
          </reporter-output>
        </test-method> <!-- beforeClass -->
        <test-method is-config="true" signature="beforeMethod()[pri:0, instance:package1.RegisterTest@6f4a47c7]" started-at="2026-08-11T09:40:53 IST" name="beforeMethod" finished-at="2026-08-11T09:41:33 IST" duration-ms="39896" status="PASS">
          <reporter-output>
            <line>
              <![CDATA[Launching Browser]]>
            </line>
          </reporter-output>
        </test-method> <!-- beforeMethod -->
        <test-method signature="fillRegisterForm(java.lang.String,java.lang.String,java.lang.String,java.lang.String,java.lang.String,java.lang.String)[pri:0, instance:package1.RegisterTest@6f4a47c7]" started-at="2026-08-11T09:41:33 IST" name="fillRegisterForm" data-provider="RegisterData" finished-at="2026-08-11T09:41:38 IST" duration-ms="5553" status="PASS">
          <params>
            <param index="0">
              <value>
                <![CDATA[B]]>
              </value>
            </param>
            <param index="1">
              <value>
                <![CDATA[Thanuja]]>
              </value>
            </param>
            <param index="2">
              <value>
                <![CDATA[bthanu21@gmail.com]]>
              </value>
            </param>
            <param index="3">
              <value>
                <![CDATA[9876543210]]>
              </value>
            </param>
            <param index="4">
              <value>
                <![CDATA[qwerty]]>
              </value>
            </param>
            <param index="5">
              <value>
                <![CDATA[qwerty]]>
              </value>
            </param>
          </params>
          <reporter-output>
            <line>
              <![CDATA[Home Page Verified]]>
            </line>
            <line>
              <![CDATA[Clicked on Register button]]>
            </line>
            <line>
              <![CDATA[Register Page Verified]]>
            </line>
            <line>
              <![CDATA[Filled personal Details]]>
            </line>
            <line>
              <![CDATA[Filled password Details]]>
            </line>
            <line>
              <![CDATA[Submitted successfully]]>
            </line>
            <line>
              <![CDATA[Account created successfully]]>
            </line>
          </reporter-output>
        </test-method> <!-- fillRegisterForm -->
        <test-method is-config="true" signature="afterMethod()[pri:0, instance:package1.RegisterTest@6f4a47c7]" started-at="2026-08-11T09:41:38 IST" name="afterMethod" finished-at="2026-08-11T09:41:39 IST" duration-ms="575" status="PASS">
          <reporter-output>
          </reporter-output>
        </test-method> <!-- afterMethod -->
        <test-method is-config="true" signature="beforeMethod()[pri:0, instance:package1.RegisterTest@6f4a47c7]" started-at="2026-08-11T09:41:39 IST" name="beforeMethod" finished-at="2026-08-11T09:41:43 IST" duration-ms="4471" status="PASS">
          <reporter-output>
            <line>
              <![CDATA[Launching Browser]]>
            </line>
          </reporter-output>
        </test-method> <!-- beforeMethod -->
        <test-method signature="fillRegisterForm(java.lang.String,java.lang.String,java.lang.String,java.lang.String,java.lang.String,java.lang.String)[pri:0, instance:package1.RegisterTest@6f4a47c7]" started-at="2026-08-11T09:41:43 IST" name="fillRegisterForm" data-provider="RegisterData" finished-at="2026-08-11T09:41:47 IST" duration-ms="3105" status="PASS">
          <params>
            <param index="0">
              <value>
                <![CDATA[B]]>
              </value>
            </param>
            <param index="1">
              <value>
                <![CDATA[Bhaskar]]>
              </value>
            </param>
            <param index="2">
              <value>
                <![CDATA[bhaskar1@gmail.com]]>
              </value>
            </param>
            <param index="3">
              <value>
                <![CDATA[7635765125]]>
              </value>
            </param>
            <param index="4">
              <value>
                <![CDATA[qwerty]]>
              </value>
            </param>
            <param index="5">
              <value>
                <![CDATA[qwerty]]>
              </value>
            </param>
          </params>
          <reporter-output>
            <line>
              <![CDATA[Home Page Verified]]>
            </line>
            <line>
              <![CDATA[Clicked on Register button]]>
            </line>
            <line>
              <![CDATA[Register Page Verified]]>
            </line>
            <line>
              <![CDATA[Filled personal Details]]>
            </line>
            <line>
              <![CDATA[Filled password Details]]>
            </line>
            <line>
              <![CDATA[Submitted successfully]]>
            </line>
            <line>
              <![CDATA[Account already exists - treated as PASS]]>
            </line>
          </reporter-output>
        </test-method> <!-- fillRegisterForm -->
        <test-method is-config="true" signature="afterMethod()[pri:0, instance:package1.RegisterTest@6f4a47c7]" started-at="2026-08-11T09:41:47 IST" name="afterMethod" finished-at="2026-08-11T09:41:47 IST" duration-ms="725" status="PASS">
          <reporter-output>
          </reporter-output>
        </test-method> <!-- afterMethod -->
        <test-method is-config="true" signature="beforeMethod()[pri:0, instance:package1.RegisterTest@6f4a47c7]" started-at="2026-08-11T09:41:47 IST" name="beforeMethod" finished-at="2026-08-11T09:41:52 IST" duration-ms="4415" status="PASS">
          <reporter-output>
            <line>
              <![CDATA[Launching Browser]]>
            </line>
          </reporter-output>
        </test-method> <!-- beforeMethod -->
        <test-method signature="fillRegisterForm(java.lang.String,java.lang.String,java.lang.String,java.lang.String,java.lang.String,java.lang.String)[pri:0, instance:package1.RegisterTest@6f4a47c7]" started-at="2026-08-11T09:41:52 IST" name="fillRegisterForm" data-provider="RegisterData" finished-at="2026-08-11T09:41:55 IST" duration-ms="3158" status="PASS">
          <params>
            <param index="0">
              <value>
                <![CDATA[A]]>
              </value>
            </param>
            <param index="1">
              <value>
                <![CDATA[Nani]]>
              </value>
            </param>
            <param index="2">
              <value>
                <![CDATA[nani13@gmail.com]]>
              </value>
            </param>
            <param index="3">
              <value>
                <![CDATA[89765434567]]>
              </value>
            </param>
            <param index="4">
              <value>
                <![CDATA[poiuy]]>
              </value>
            </param>
            <param index="5">
              <value>
                <![CDATA[poiuy]]>
              </value>
            </param>
          </params>
          <reporter-output>
            <line>
              <![CDATA[Home Page Verified]]>
            </line>
            <line>
              <![CDATA[Clicked on Register button]]>
            </line>
            <line>
              <![CDATA[Register Page Verified]]>
            </line>
            <line>
              <![CDATA[Filled personal Details]]>
            </line>
            <line>
              <![CDATA[Filled password Details]]>
            </line>
            <line>
              <![CDATA[Submitted successfully]]>
            </line>
            <line>
              <![CDATA[Account created successfully]]>
            </line>
          </reporter-output>
        </test-method> <!-- fillRegisterForm -->
        <test-method is-config="true" signature="afterMethod()[pri:0, instance:package1.RegisterTest@6f4a47c7]" started-at="2026-08-11T09:41:55 IST" name="afterMethod" finished-at="2026-08-11T09:41:55 IST" duration-ms="654" status="PASS">
          <reporter-output>
          </reporter-output>
        </test-method> <!-- afterMethod -->
        <test-method is-config="true" signature="beforeMethod()[pri:0, instance:package1.RegisterTest@6f4a47c7]" started-at="2026-08-11T09:41:55 IST" name="beforeMethod" finished-at="2026-08-11T09:42:00 IST" duration-ms="4396" status="PASS">
          <reporter-output>
            <line>
              <![CDATA[Launching Browser]]>
            </line>
          </reporter-output>
        </test-method> <!-- beforeMethod -->
        <test-method signature="fillRegisterForm(java.lang.String,java.lang.String,java.lang.String,java.lang.String,java.lang.String,java.lang.String)[pri:0, instance:package1.RegisterTest@6f4a47c7]" started-at="2026-08-11T09:42:00 IST" name="fillRegisterForm" data-provider="RegisterData" finished-at="2026-08-11T09:42:04 IST" duration-ms="3689" status="PASS">
          <params>
            <param index="0">
              <value>
                <![CDATA[k]]>
              </value>
            </param>
            <param index="1">
              <value>
                <![CDATA[chandu]]>
              </value>
            </param>
            <param index="2">
              <value>
                <![CDATA[chandu30@gmail.com]]>
              </value>
            </param>
            <param index="3">
              <value>
                <![CDATA[1.23457E+11]]>
              </value>
            </param>
            <param index="4">
              <value>
                <![CDATA[12345]]>
              </value>
            </param>
            <param index="5">
              <value>
                <![CDATA[12345]]>
              </value>
            </param>
          </params>
          <reporter-output>
            <line>
              <![CDATA[Home Page Verified]]>
            </line>
            <line>
              <![CDATA[Clicked on Register button]]>
            </line>
            <line>
              <![CDATA[Register Page Verified]]>
            </line>
            <line>
              <![CDATA[Filled personal Details]]>
            </line>
            <line>
              <![CDATA[Filled password Details]]>
            </line>
            <line>
              <![CDATA[Submitted successfully]]>
            </line>
            <line>
              <![CDATA[Account created successfully]]>
            </line>
          </reporter-output>
        </test-method> <!-- fillRegisterForm -->
        <test-method is-config="true" signature="afterMethod()[pri:0, instance:package1.RegisterTest@6f4a47c7]" started-at="2026-08-11T09:42:04 IST" name="afterMethod" finished-at="2026-08-11T09:42:04 IST" duration-ms="546" status="PASS">
          <reporter-output>
          </reporter-output>
        </test-method> <!-- afterMethod -->
        <test-method is-config="true" signature="afterClass()[pri:0, instance:package1.RegisterTest@6f4a47c7]" started-at="2026-08-11T09:42:04 IST" name="afterClass" finished-at="2026-08-11T09:42:04 IST" duration-ms="0" status="PASS">
          <reporter-output>
          </reporter-output>
        </test-method> <!-- afterClass -->
        <test-method is-config="true" signature="afterTest()[pri:0, instance:package1.RegisterTest@6f4a47c7]" started-at="2026-08-11T09:42:04 IST" name="afterTest" finished-at="2026-08-11T09:42:04 IST" duration-ms="1" status="PASS">
          <reporter-output>
          </reporter-output>
        </test-method> <!-- afterTest -->
        <test-method is-config="true" signature="tearDown()[pri:0, instance:package1.RegisterTest@6f4a47c7]" started-at="2026-08-11T09:42:04 IST" name="tearDown" finished-at="2026-08-11T09:42:04 IST" duration-ms="1" status="PASS">
          <reporter-output>
          </reporter-output>
        </test-method> <!-- tearDown -->
      </class> <!-- package1.RegisterTest -->
    </test> <!-- Default test -->
  </suite> <!-- Default suite -->
</testng-results>
