<?xml version="1.0" encoding="UTF-8"?>
<testng-results ignored="0" total="2" passed="2" failed="0" skipped="0">
  <reporter-output>
    <line>
      <![CDATA[Launching Browser]]>
    </line>
    <line>
      <![CDATA[Searching Monitors]]>
    </line>
    <line>
      <![CDATA[Search Verified]]>
    </line>
    <line>
      <![CDATA[Launching Browser]]>
    </line>
    <line>
      <![CDATA[Clicked on Desktops]]>
    </line>
    <line>
      <![CDATA[Verified Mac Heading]]>
    </line>
    <line>
      <![CDATA[Add to Cart Verified]]>
    </line>
  </reporter-output>
  <suite started-at="2026-08-07T17:48:05 IST" name="RegressionSuite" finished-at="2026-08-07T17:48:19 IST" duration-ms="13963">
    <groups>
    </groups>
    <test started-at="2026-08-07T17:48:05 IST" name="Test" finished-at="2026-08-07T17:48:19 IST" duration-ms="13963">
      <class name="SearchTest">
        <test-method signature="searchFlowtest()[pri:0, instance:SearchTest@13c9d689]" started-at="2026-08-07T17:48:06 IST" name="searchFlowtest" finished-at="2026-08-07T17:48:12 IST" duration-ms="6859" status="PASS">
          <reporter-output>
            <line>
              <![CDATA[Launching Browser]]>
            </line>
            <line>
              <![CDATA[Searching Monitors]]>
            </line>
            <line>
              <![CDATA[Search Verified]]>
            </line>
          </reporter-output>
        </test-method> <!-- searchFlowtest -->
      </class> <!-- SearchTest -->
      <class name="DesktopTest">
        <test-method signature="DesktopFlowTest()[pri:0, instance:DesktopTest@1d296da]" started-at="2026-08-07T17:48:12 IST" name="DesktopFlowTest" finished-at="2026-08-07T17:48:19 IST" duration-ms="7063" status="PASS">
          <reporter-output>
            <line>
              <![CDATA[Launching Browser]]>
            </line>
            <line>
              <![CDATA[Clicked on Desktops]]>
            </line>
            <line>
              <![CDATA[Verified Mac Heading]]>
            </line>
            <line>
              <![CDATA[Add to Cart Verified]]>
            </line>
          </reporter-output>
        </test-method> <!-- DesktopFlowTest -->
      </class> <!-- DesktopTest -->
    </test> <!-- Test -->
  </suite> <!-- RegressionSuite -->
</testng-results>
