<?xml version="1.0" encoding="UTF-8"?>
<!-- Generated by org.testng.reporters.JUnitReportReporter -->
<testsuite hostname="ENCDAPHYDLT0597" failures="0" tests="1" name="SearchTest" time="6.859" errors="0" timestamp="2026-08-07T17:48:20 IST" skipped="0">
  <testcase classname="SearchTest" name="searchFlowtest" time="6.859">
    <system-out>
      <![CDATA[Launching Browser
Searching Monitors
Search Verified]]>
    </system-out>
  </testcase> <!-- searchFlowtest -->
  <system-out>
    <![CDATA[Launching Browser
Searching Monitors
Search Verified
Launching Browser
Clicked on Desktops
Verified Mac Heading
Add to Cart Verified]]>
  </system-out>
</testsuite> <!-- SearchTest -->
