<?xml version="1.0" encoding="UTF-8"?>
<testng-results ignored="0" total="4" passed="4" failed="0" skipped="0">
  <reporter-output>
    <line>
      <![CDATA[Launching Browser]]>
    </line>
    <line>
      <![CDATA[Home Page Verified]]>
    </line>
    <line>
      <![CDATA[Clicked on Register button]]>
    </line>
    <line>
      <![CDATA[Register Page Verified]]>
    </line>
    <line>
      <![CDATA[Filled personal Details]]>
    </line>
    <line>
      <![CDATA[Filled password Details]]>
    </line>
    <line>
      <![CDATA[Submitted successfully]]>
    </line>
    <line>
      <![CDATA[Account already exists - treated as PASS]]>
    </line>
    <line>
      <![CDATA[Launching Browser]]>
    </line>
    <line>
      <![CDATA[Home Page Verified]]>
    </line>
    <line>
      <![CDATA[Clicked on Register button]]>
    </line>
    <line>
      <![CDATA[Register Page Verified]]>
    </line>
    <line>
      <![CDATA[Filled personal Details]]>
    </line>
    <line>
      <![CDATA[Filled password Details]]>
    </line>
    <line>
      <![CDATA[Submitted successfully]]>
    </line>
    <line>
      <![CDATA[Account already exists - treated as PASS]]>
    </line>
    <line>
      <![CDATA[Launching Browser]]>
    </line>
    <line>
      <![CDATA[Home Page Verified]]>
    </line>
    <line>
      <![CDATA[Clicked on Register button]]>
    </line>
    <line>
      <![CDATA[Register Page Verified]]>
    </line>
    <line>
      <![CDATA[Filled personal Details]]>
    </line>
    <line>
      <![CDATA[Filled password Details]]>
    </line>
    <line>
      <![CDATA[Submitted successfully]]>
    </line>
    <line>
      <![CDATA[Account already exists - treated as PASS]]>
    </line>
    <line>
      <![CDATA[Launching Browser]]>
    </line>
    <line>
      <![CDATA[Home Page Verified]]>
    </line>
    <line>
      <![CDATA[Clicked on Register button]]>
    </line>
    <line>
      <![CDATA[Register Page Verified]]>
    </line>
    <line>
      <![CDATA[Filled personal Details]]>
    </line>
    <line>
      <![CDATA[Filled password Details]]>
    </line>
    <line>
      <![CDATA[Submitted successfully]]>
    </line>
    <line>
      <![CDATA[Account already exists - treated as PASS]]>
    </line>
  </reporter-output>
  <suite started-at="2026-08-12T11:46:06 IST" name="OpenCartSuite" finished-at="2026-08-12T11:46:39 IST" duration-ms="32787">
    <groups>
    </groups>
    <test started-at="2026-08-12T11:46:06 IST" name="ParametarizationTest" finished-at="2026-08-12T11:46:39 IST" duration-ms="32787">
      <class name="package1.BaseTest">
        <test-method is-config="true" signature="setup()[pri:0, instance:package1.BaseTest@7770f470]" started-at="2026-08-12T11:46:06 IST" name="setup" finished-at="2026-08-12T11:46:06 IST" duration-ms="18" status="PASS">
          <reporter-output>
          </reporter-output>
        </test-method> <!-- setup -->
        <test-method is-config="true" signature="beforeTest()[pri:0, instance:package1.BaseTest@7770f470]" started-at="2026-08-12T11:46:06 IST" name="beforeTest" finished-at="2026-08-12T11:46:06 IST" duration-ms="1" status="PASS">
          <reporter-output>
          </reporter-output>
        </test-method> <!-- beforeTest -->
        <test-method is-config="true" signature="afterTest()[pri:0, instance:package1.BaseTest@7770f470]" started-at="2026-08-12T11:46:39 IST" name="afterTest" finished-at="2026-08-12T11:46:39 IST" duration-ms="0" status="PASS">
          <reporter-output>
          </reporter-output>
        </test-method> <!-- afterTest -->
        <test-method is-config="true" signature="tearDown()[pri:0, instance:package1.BaseTest@7770f470]" started-at="2026-08-12T11:46:39 IST" name="tearDown" finished-at="2026-08-12T11:46:39 IST" duration-ms="0" status="PASS">
          <reporter-output>
          </reporter-output>
        </test-method> <!-- tearDown -->
      </class> <!-- package1.BaseTest -->
      <class name="package1.RegisterTest">
        <test-method is-config="true" signature="beforeClass()[pri:0, instance:package1.RegisterTest@6f4a47c7]" started-at="2026-08-12T11:46:06 IST" name="beforeClass" finished-at="2026-08-12T11:46:06 IST" duration-ms="0" status="PASS">
          <reporter-output>
          </reporter-output>
        </test-method> <!-- beforeClass -->
        <test-method is-config="true" signature="beforeMethod(java.lang.String)[pri:0, instance:package1.RegisterTest@6f4a47c7]" started-at="2026-08-12T11:46:08 IST" name="beforeMethod" finished-at="2026-08-12T11:46:14 IST" duration-ms="5924" status="PASS">
          <params>
            <param index="0">
              <value>
                <![CDATA[chrome]]>
              </value>
            </param>
          </params>
          <reporter-output>
            <line>
              <![CDATA[Launching Browser]]>
            </line>
          </reporter-output>
        </test-method> <!-- beforeMethod -->
        <test-method signature="fillRegisterForm(java.lang.String,java.lang.String,java.lang.String,java.lang.String,java.lang.String,java.lang.String)[pri:0, instance:package1.RegisterTest@6f4a47c7]" started-at="2026-08-12T11:46:14 IST" name="fillRegisterForm" data-provider="UserDetails" finished-at="2026-08-12T11:46:17 IST" duration-ms="2888" status="PASS">
          <params>
            <param index="0">
              <value>
                <![CDATA[B]]>
              </value>
            </param>
            <param index="1">
              <value>
                <![CDATA[Thanuja]]>
              </value>
            </param>
            <param index="2">
              <value>
                <![CDATA[bthanu2@gmail.com]]>
              </value>
            </param>
            <param index="3">
              <value>
                <![CDATA[9876543210]]>
              </value>
            </param>
            <param index="4">
              <value>
                <![CDATA[qwerty]]>
              </value>
            </param>
            <param index="5">
              <value>
                <![CDATA[qwerty]]>
              </value>
            </param>
          </params>
          <reporter-output>
            <line>
              <![CDATA[Home Page Verified]]>
            </line>
            <line>
              <![CDATA[Clicked on Register button]]>
            </line>
            <line>
              <![CDATA[Register Page Verified]]>
            </line>
            <line>
              <![CDATA[Filled personal Details]]>
            </line>
            <line>
              <![CDATA[Filled password Details]]>
            </line>
            <line>
              <![CDATA[Submitted successfully]]>
            </line>
            <line>
              <![CDATA[Account already exists - treated as PASS]]>
            </line>
          </reporter-output>
        </test-method> <!-- fillRegisterForm -->
        <test-method is-config="true" signature="afterMethod()[pri:0, instance:package1.RegisterTest@6f4a47c7]" started-at="2026-08-12T11:46:17 IST" name="afterMethod" finished-at="2026-08-12T11:46:17 IST" duration-ms="689" status="PASS">
          <reporter-output>
          </reporter-output>
        </test-method> <!-- afterMethod -->
        <test-method is-config="true" signature="beforeMethod(java.lang.String)[pri:0, instance:package1.RegisterTest@6f4a47c7]" started-at="2026-08-12T11:46:17 IST" name="beforeMethod" finished-at="2026-08-12T11:46:22 IST" duration-ms="4426" status="PASS">
          <params>
            <param index="0">
              <value>
                <![CDATA[chrome]]>
              </value>
            </param>
          </params>
          <reporter-output>
            <line>
              <![CDATA[Launching Browser]]>
            </line>
          </reporter-output>
        </test-method> <!-- beforeMethod -->
        <test-method signature="fillRegisterForm(java.lang.String,java.lang.String,java.lang.String,java.lang.String,java.lang.String,java.lang.String)[pri:0, instance:package1.RegisterTest@6f4a47c7]" started-at="2026-08-12T11:46:22 IST" name="fillRegisterForm" data-provider="UserDetails" finished-at="2026-08-12T11:46:24 IST" duration-ms="2384" status="PASS">
          <params>
            <param index="0">
              <value>
                <![CDATA[B]]>
              </value>
            </param>
            <param index="1">
              <value>
                <![CDATA[Bhaskar]]>
              </value>
            </param>
            <param index="2">
              <value>
                <![CDATA[bhaskar@gmail.com]]>
              </value>
            </param>
            <param index="3">
              <value>
                <![CDATA[7635765125]]>
              </value>
            </param>
            <param index="4">
              <value>
                <![CDATA[qwerty]]>
              </value>
            </param>
            <param index="5">
              <value>
                <![CDATA[qwerty]]>
              </value>
            </param>
          </params>
          <reporter-output>
            <line>
              <![CDATA[Home Page Verified]]>
            </line>
            <line>
              <![CDATA[Clicked on Register button]]>
            </line>
            <line>
              <![CDATA[Register Page Verified]]>
            </line>
            <line>
              <![CDATA[Filled personal Details]]>
            </line>
            <line>
              <![CDATA[Filled password Details]]>
            </line>
            <line>
              <![CDATA[Submitted successfully]]>
            </line>
            <line>
              <![CDATA[Account already exists - treated as PASS]]>
            </line>
          </reporter-output>
        </test-method> <!-- fillRegisterForm -->
        <test-method is-config="true" signature="afterMethod()[pri:0, instance:package1.RegisterTest@6f4a47c7]" started-at="2026-08-12T11:46:24 IST" name="afterMethod" finished-at="2026-08-12T11:46:25 IST" duration-ms="663" status="PASS">
          <reporter-output>
          </reporter-output>
        </test-method> <!-- afterMethod -->
        <test-method is-config="true" signature="beforeMethod(java.lang.String)[pri:0, instance:package1.RegisterTest@6f4a47c7]" started-at="2026-08-12T11:46:25 IST" name="beforeMethod" finished-at="2026-08-12T11:46:29 IST" duration-ms="4528" status="PASS">
          <params>
            <param index="0">
              <value>
                <![CDATA[chrome]]>
              </value>
            </param>
          </params>
          <reporter-output>
            <line>
              <![CDATA[Launching Browser]]>
            </line>
          </reporter-output>
        </test-method> <!-- beforeMethod -->
        <test-method signature="fillRegisterForm(java.lang.String,java.lang.String,java.lang.String,java.lang.String,java.lang.String,java.lang.String)[pri:0, instance:package1.RegisterTest@6f4a47c7]" started-at="2026-08-12T11:46:29 IST" name="fillRegisterForm" data-provider="UserDetails" finished-at="2026-08-12T11:46:32 IST" duration-ms="2525" status="PASS">
          <params>
            <param index="0">
              <value>
                <![CDATA[A]]>
              </value>
            </param>
            <param index="1">
              <value>
                <![CDATA[Nani]]>
              </value>
            </param>
            <param index="2">
              <value>
                <![CDATA[nani@gmail.com]]>
              </value>
            </param>
            <param index="3">
              <value>
                <![CDATA[89765434567]]>
              </value>
            </param>
            <param index="4">
              <value>
                <![CDATA[poiuy]]>
              </value>
            </param>
            <param index="5">
              <value>
                <![CDATA[poiuy]]>
              </value>
            </param>
          </params>
          <reporter-output>
            <line>
              <![CDATA[Home Page Verified]]>
            </line>
            <line>
              <![CDATA[Clicked on Register button]]>
            </line>
            <line>
              <![CDATA[Register Page Verified]]>
            </line>
            <line>
              <![CDATA[Filled personal Details]]>
            </line>
            <line>
              <![CDATA[Filled password Details]]>
            </line>
            <line>
              <![CDATA[Submitted successfully]]>
            </line>
            <line>
              <![CDATA[Account already exists - treated as PASS]]>
            </line>
          </reporter-output>
        </test-method> <!-- fillRegisterForm -->
        <test-method is-config="true" signature="afterMethod()[pri:0, instance:package1.RegisterTest@6f4a47c7]" started-at="2026-08-12T11:46:32 IST" name="afterMethod" finished-at="2026-08-12T11:46:32 IST" duration-ms="638" status="PASS">
          <reporter-output>
          </reporter-output>
        </test-method> <!-- afterMethod -->
        <test-method is-config="true" signature="beforeMethod(java.lang.String)[pri:0, instance:package1.RegisterTest@6f4a47c7]" started-at="2026-08-12T11:46:32 IST" name="beforeMethod" finished-at="2026-08-12T11:46:36 IST" duration-ms="3922" status="PASS">
          <params>
            <param index="0">
              <value>
                <![CDATA[chrome]]>
              </value>
            </param>
          </params>
          <reporter-output>
            <line>
              <![CDATA[Launching Browser]]>
            </line>
          </reporter-output>
        </test-method> <!-- beforeMethod -->
        <test-method signature="fillRegisterForm(java.lang.String,java.lang.String,java.lang.String,java.lang.String,java.lang.String,java.lang.String)[pri:0, instance:package1.RegisterTest@6f4a47c7]" started-at="2026-08-12T11:46:36 IST" name="fillRegisterForm" data-provider="UserDetails" finished-at="2026-08-12T11:46:39 IST" duration-ms="2193" status="PASS">
          <params>
            <param index="0">
              <value>
                <![CDATA[k]]>
              </value>
            </param>
            <param index="1">
              <value>
                <![CDATA[chandu]]>
              </value>
            </param>
            <param index="2">
              <value>
                <![CDATA[chandu@gmail.com]]>
              </value>
            </param>
            <param index="3">
              <value>
                <![CDATA[1.23457E+11]]>
              </value>
            </param>
            <param index="4">
              <value>
                <![CDATA[12345]]>
              </value>
            </param>
            <param index="5">
              <value>
                <![CDATA[12345]]>
              </value>
            </param>
          </params>
          <reporter-output>
            <line>
              <![CDATA[Home Page Verified]]>
            </line>
            <line>
              <![CDATA[Clicked on Register button]]>
            </line>
            <line>
              <![CDATA[Register Page Verified]]>
            </line>
            <line>
              <![CDATA[Filled personal Details]]>
            </line>
            <line>
              <![CDATA[Filled password Details]]>
            </line>
            <line>
              <![CDATA[Submitted successfully]]>
            </line>
            <line>
              <![CDATA[Account already exists - treated as PASS]]>
            </line>
          </reporter-output>
        </test-method> <!-- fillRegisterForm -->
        <test-method is-config="true" signature="afterMethod()[pri:0, instance:package1.RegisterTest@6f4a47c7]" started-at="2026-08-12T11:46:39 IST" name="afterMethod" finished-at="2026-08-12T11:46:39 IST" duration-ms="663" status="PASS">
          <reporter-output>
          </reporter-output>
        </test-method> <!-- afterMethod -->
        <test-method is-config="true" signature="afterClass()[pri:0, instance:package1.RegisterTest@6f4a47c7]" started-at="2026-08-12T11:46:39 IST" name="afterClass" finished-at="2026-08-12T11:46:39 IST" duration-ms="1" status="PASS">
          <reporter-output>
          </reporter-output>
        </test-method> <!-- afterClass -->
      </class> <!-- package1.RegisterTest -->
    </test> <!-- ParametarizationTest -->
  </suite> <!-- OpenCartSuite -->
</testng-results>
