<?xml version="1.0" encoding="UTF-8"?>
<!-- Generated by org.testng.reporters.JUnitReportReporter -->
<testsuite hostname="ENCDAPHYDLT0597" failures="0" tests="3" name="package1.SearchTest" time="1.804" errors="0" timestamp="2026-08-12T11:55:45 IST" skipped="0">
  <testcase classname="package1.SearchTest" name="searchFlowTest" time="0.580">
    <system-out>
      <![CDATA[Searching Cameras]]>
    </system-out>
  </testcase> <!-- searchFlowTest -->
  <testcase classname="package1.SearchTest" name="searchFlowTest" time="0.589">
    <system-out>
      <![CDATA[Searching Monitors]]>
    </system-out>
  </testcase> <!-- searchFlowTest -->
  <testcase classname="package1.SearchTest" name="searchFlowTest" time="0.635">
    <system-out>
      <![CDATA[Searching Phones]]>
    </system-out>
  </testcase> <!-- searchFlowTest -->
  <system-out>
    <![CDATA[Launching Browser
Clicked on Desktops
Mac Heading Verified
Add to cart Verified
Clicked on Desktops
Mac Heading Verified
Add to cart Verified
Searching Monitors
Searching Phones
Searching Cameras]]>
  </system-out>
</testsuite> <!-- package1.SearchTest -->
