<?xml version="1.0" encoding="UTF-8"?>
<!-- Generated by org.testng.reporters.JUnitXMLReporter -->
<testsuite ignored="0" hostname="ENCDAPHYDLT0597" failures="0" tests="4" name="Default test" time="36.484" errors="0" timestamp="2026-08-10T17:11:44 IST">
  <testcase classname="package1.RegisterTest" name="fillRegisterForm" time="3.97"/>
  <testcase classname="package1.RegisterTest" name="fillRegisterForm" time="3.304"/>
  <testcase classname="package1.RegisterTest" name="fillRegisterForm" time="2.107"/>
  <testcase classname="package1.RegisterTest" name="fillRegisterForm" time="2.379"/>
</testsuite> <!-- Default test -->
