<?xml version="1.0" encoding="UTF-8"?>
<!-- Generated by org.testng.reporters.JUnitReportReporter -->
<testsuite hostname="ENCDAPHYDLT0597" failures="0" tests="4" name="package1.RegisterTest" time="31.443" errors="0" timestamp="2026-08-12T11:46:39 IST" skipped="0">
  <testcase classname="package1.RegisterTest" name="fillRegisterForm" time="7.473">
    <system-out>
      <![CDATA[Home Page Verified
Clicked on Register button
Register Page Verified
Filled personal Details
Filled password Details
Submitted successfully
Account already exists - treated as PASS]]>
    </system-out>
  </testcase> <!-- fillRegisterForm -->
  <testcase classname="package1.RegisterTest" name="fillRegisterForm" time="7.589">
    <system-out>
      <![CDATA[Home Page Verified
Clicked on Register button
Register Page Verified
Filled personal Details
Filled password Details
Submitted successfully
Account already exists - treated as PASS]]>
    </system-out>
  </testcase> <!-- fillRegisterForm -->
  <testcase classname="package1.RegisterTest" name="fillRegisterForm" time="7.384">
    <system-out>
      <![CDATA[Home Page Verified
Clicked on Register button
Register Page Verified
Filled personal Details
Filled password Details
Submitted successfully
Account already exists - treated as PASS]]>
    </system-out>
  </testcase> <!-- fillRegisterForm -->
  <testcase classname="package1.RegisterTest" name="fillRegisterForm" time="8.997">
    <system-out>
      <![CDATA[Home Page Verified
Clicked on Register button
Register Page Verified
Filled personal Details
Filled password Details
Submitted successfully
Account already exists - treated as PASS]]>
    </system-out>
  </testcase> <!-- fillRegisterForm -->
  <system-out>
    <![CDATA[Launching Browser
Home Page Verified
Clicked on Register button
Register Page Verified
Filled personal Details
Filled password Details
Submitted successfully
Account already exists - treated as PASS
Launching Browser
Home Page Verified
Clicked on Register button
Register Page Verified
Filled personal Details
Filled password Details
Submitted successfully
Account already exists - treated as PASS
Launching Browser
Home Page Verified
Clicked on Register button
Register Page Verified
Filled personal Details
Filled password Details
Submitted successfully
Account already exists - treated as PASS
Launching Browser
Home Page Verified
Clicked on Register button
Register Page Verified
Filled personal Details
Filled password Details
Submitted successfully
Account already exists - treated as PASS]]>
  </system-out>
</testsuite> <!-- package1.RegisterTest -->
