<?xml version="1.0" encoding="UTF-8"?>
<!-- Generated by org.testng.reporters.JUnitXMLReporter -->
<testsuite ignored="0" hostname="ENCDAPHYDLT0597" failures="0" tests="4" name="Default test" time="71.448" errors="0" timestamp="2026-08-11T09:42:04 IST">
  <testcase classname="package1.RegisterTest" name="fillRegisterForm" time="5.553"/>
  <testcase classname="package1.RegisterTest" name="fillRegisterForm" time="3.105"/>
  <testcase classname="package1.RegisterTest" name="fillRegisterForm" time="3.158"/>
  <testcase classname="package1.RegisterTest" name="fillRegisterForm" time="3.689"/>
</testsuite> <!-- Default test -->
