<?xml version="1.0" encoding="UTF-8"?>
<!-- Generated by org.testng.reporters.JUnitReportReporter -->
<testsuite hostname="ENCDAPHYDLT0597" failures="0" tests="2" name="com.test.MultiBrowserTest" time="20.434" errors="0" timestamp="2026-08-07T19:12:31 IST" skipped="0">
  <testcase classname="com.test.MultiBrowserTest" name="chromeTest" time="11.156">
    <system-out>
      <![CDATA[Clicked on Desktops
Verified Mac Heading
Add to Cart Verified
Searching Monitors
Search Verified]]>
    </system-out>
  </testcase> <!-- chromeTest -->
  <testcase classname="com.test.MultiBrowserTest" name="edgeTest" time="9.278">
    <system-out>
      <![CDATA[Clicked on Desktops
Verified Mac Heading
Add to Cart Verified
Searching Monitors
Search Verified]]>
    </system-out>
  </testcase> <!-- edgeTest -->
  <system-out>
    <![CDATA[Clicked on Desktops
Verified Mac Heading
Add to Cart Verified
Searching Monitors
Search Verified
Clicked on Desktops
Verified Mac Heading
Add to Cart Verified
Searching Monitors
Search Verified]]>
  </system-out>
</testsuite> <!-- com.test.MultiBrowserTest -->
